0 info it worked if it ends with ok
1 verbose cli [ 'C:\\Program Files\\nodejs\\node.exe',
1 verbose cli   'C:\\Program Files\\nodejs\\node_modules\\npm\\bin\\npm-cli.js',
1 verbose cli   'start',
1 verbose cli   'port:3002' ]
2 info using npm@3.10.10
3 info using node@v6.10.0
4 verbose run-script [ 'prestart', 'start', 'poststart' ]
5 info lifecycle starter-app@0.1.0~prestart: starter-app@0.1.0
6 silly lifecycle starter-app@0.1.0~prestart: no script for prestart, continuing
7 info lifecycle starter-app@0.1.0~start: starter-app@0.1.0
8 verbose lifecycle starter-app@0.1.0~start: unsafe-perm in lifecycle true
9 verbose lifecycle starter-app@0.1.0~start: PATH: C:\Program Files\nodejs\node_modules\npm\bin\node-gyp-bin;C:\Users\edmun\Google Drive\WorkBench\lecture-buddy\node_modules\.bin;C:\WINDOWS\system32;C:\WINDOWS;C:\WINDOWS\System32\Wbem;C:\Python27;C:\Program Files\MATLAB\R2016b\runtime\win64;C:\Program Files\MATLAB\R2016b\bin;C:\Program Files\Git\cmd;C:\Program Files\nodejs\;C:\Users\edmun\AppData\Local\Microsoft\WindowsApps;;C:\Program Files (x86)\Microsoft VS Code\bin;C:\Users\edmun\AppData\Roaming\npm
10 verbose lifecycle starter-app@0.1.0~start: CWD: C:\Users\edmun\Google Drive\WorkBench\lecture-buddy
11 silly lifecycle starter-app@0.1.0~start: Args: [ '/d /s /c',
11 silly lifecycle   'react-scripts build && node server.js "port:3002"' ]
12 silly lifecycle starter-app@0.1.0~start: Returned: code: 1  signal: null
13 info lifecycle starter-app@0.1.0~start: Failed to exec start script
14 verbose stack Error: starter-app@0.1.0 start: `react-scripts build && node server.js "port:3002"`
14 verbose stack Exit status 1
14 verbose stack     at EventEmitter.<anonymous> (C:\Program Files\nodejs\node_modules\npm\lib\utils\lifecycle.js:255:16)
14 verbose stack     at emitTwo (events.js:106:13)
14 verbose stack     at EventEmitter.emit (events.js:191:7)
14 verbose stack     at ChildProcess.<anonymous> (C:\Program Files\nodejs\node_modules\npm\lib\utils\spawn.js:40:14)
14 verbose stack     at emitTwo (events.js:106:13)
14 verbose stack     at ChildProcess.emit (events.js:191:7)
14 verbose stack     at maybeClose (internal/child_process.js:877:16)
14 verbose stack     at Process.ChildProcess._handle.onexit (internal/child_process.js:226:5)
15 verbose pkgid starter-app@0.1.0
16 verbose cwd C:\Users\edmun\Google Drive\WorkBench\lecture-buddy
17 error Windows_NT 10.0.14393
18 error argv "C:\\Program Files\\nodejs\\node.exe" "C:\\Program Files\\nodejs\\node_modules\\npm\\bin\\npm-cli.js" "start" "port:3002"
19 error node v6.10.0
20 error npm  v3.10.10
21 error code ELIFECYCLE
22 error starter-app@0.1.0 start: `react-scripts build && node server.js "port:3002"`
22 error Exit status 1
23 error Failed at the starter-app@0.1.0 start script 'react-scripts build && node server.js "port:3002"'.
23 error Make sure you have the latest version of node.js and npm installed.
23 error If you do, this is most likely a problem with the starter-app package,
23 error not with npm itself.
23 error Tell the author that this fails on your system:
23 error     react-scripts build && node server.js "port:3002"
23 error You can get information on how to open an issue for this project with:
23 error     npm bugs starter-app
23 error Or if that isn't available, you can get their info via:
23 error     npm owner ls starter-app
23 error There is likely additional logging output above.
24 verbose exit [ 1, true ]
